\BOOKMARK [1][-]{section.1}{\376\377\000P\000r\000e\000a\000m\000b\000l\000e}{}% 1
\BOOKMARK [2][-]{subsection.1.1}{\376\377\000T\000h\000e\000\040\000P\000r\000o\000b\000l\000e\000m\000s}{section.1}% 2
\BOOKMARK [1][-]{section.2}{\376\377\000S\000i\000m\000p\000l\000e\000S\000e\000a\000r\000c\000h\000P\000r\000o\000b\000l\000e\000m}{}% 3
\BOOKMARK [2][-]{subsection.2.1}{\376\377\000P\000r\000o\000b\000l\000e\000m\000\040\000M\000o\000d\000e\000l\000i\000n\000g}{section.2}% 4
\BOOKMARK [2][-]{subsection.2.2}{\376\377\000B\000r\000e\000a\000d\000t\000h\000-\000F\000i\000r\000s\000t\000\040\000S\000e\000a\000r\000c\000h}{section.2}% 5
\BOOKMARK [2][-]{subsection.2.3}{\376\377\000D\000e\000p\000t\000h\000-\000F\000i\000r\000s\000t\000\040\000S\000e\000a\000r\000c\000h}{section.2}% 6
\BOOKMARK [2][-]{subsection.2.4}{\376\377\000A\000*\000\040\000S\000e\000a\000r\000c\000h}{section.2}% 7
\BOOKMARK [1][-]{section.3}{\376\377\000C\000o\000r\000n\000e\000r\000S\000e\000a\000r\000c\000h\000P\000r\000o\000b\000l\000e\000m}{}% 8
\BOOKMARK [2][-]{subsection.3.1}{\376\377\000P\000r\000o\000b\000l\000e\000m\000\040\000M\000o\000d\000e\000l\000i\000n\000g}{section.3}% 9
\BOOKMARK [2][-]{subsection.3.2}{\376\377\000H\000e\000u\000r\000i\000s\000t\000i\000c}{section.3}% 10
\BOOKMARK [1][-]{section.4}{\376\377\000G\000e\000m\000S\000e\000a\000r\000c\000h\000P\000r\000o\000b\000l\000e\000m}{}% 11
\BOOKMARK [2][-]{subsection.4.1}{\376\377\000P\000r\000o\000b\000l\000e\000m\000\040\000M\000o\000d\000e\000l\000i\000n\000g}{section.4}% 12
\BOOKMARK [2][-]{subsection.4.2}{\376\377\000H\000e\000u\000r\000i\000s\000t\000i\000c}{section.4}% 13
\BOOKMARK [1][-]{section.5}{\376\377\000R\000e\000s\000u\000l\000t\000s}{}% 14
\BOOKMARK [2][-]{subsection.5.1}{\376\377\000P\000a\000t\000h\000\040\000S\000i\000z\000e\000\040\000C\000o\000m\000p\000a\000r\000i\000s\000o\000n}{section.5}% 15
\BOOKMARK [2][-]{subsection.5.2}{\376\377\000N\000o\000d\000e\000\040\000E\000x\000p\000a\000n\000s\000i\000o\000n\000\040\000C\000o\000m\000p\000a\000r\000i\000s\000o\000n}{section.5}% 16
\BOOKMARK [1][-]{section.6}{\376\377\000U\000n\000d\000e\000r\000s\000t\000a\000n\000d\000i\000n\000g\000\040\000t\000h\000e\000\040\000C\000o\000d\000e}{}% 17
\BOOKMARK [2][-]{subsection.6.1}{\376\377\000K\000e\000y\000\040\000M\000e\000t\000h\000o\000d\000s}{section.6}% 18
\BOOKMARK [1][-]{section.7}{\376\377\000H\000e\000u\000r\000i\000s\000t\000i\000c\000s\000\040\000D\000e\000v\000e\000l\000o\000p\000m\000e\000n\000t}{}% 19
\BOOKMARK [1][-]{section.8}{\376\377\000O\000p\000t\000i\000m\000i\000z\000a\000t\000i\000o\000n\000s}{}% 20
\BOOKMARK [1][-]{section.9}{\376\377\000T\000o\000o\000l\000\040\000U\000s\000a\000g\000e}{}% 21
